<?xml version="1.0" encoding="UTF-8"?>
<testsuites>
  <testsuite name="Test Suite" tests="1" assertions="1" failures="0" errors="0" time="0.063449">
    <testsuite name="NilPortugues\Test\SymfonyCommandHandlerResolverTest" file="/private/var/www/personal/ddd-decoupled-symfony2/tests/SymfonyCommandHandlerResolverTest.php" tests="1" assertions="1" failures="0" errors="0" time="0.063449">
      <testcase name="testItShouldResolveCommandToCommandHandler" class="NilPortugues\Test\SymfonyCommandHandlerResolverTest" file="/private/var/www/personal/ddd-decoupled-symfony2/tests/SymfonyCommandHandlerResolverTest.php" line="56" assertions="1" time="0.063449"/>
    </testsuite>
  </testsuite>
</testsuites>
